<?xml version="1.0" encoding="UTF-8"?>
<testsuite xmlns:xsi="http://www.w3.org/2001/XMLSchema-instance" xsi:noNamespaceSchemaLocation="https://maven.apache.org/surefire/maven-surefire-plugin/xsd/surefire-test-report-3.0.xsd" version="3.0" name="com.fontys.shopservice.ShopServiceIntegrationTests" time="5.007" tests="2" errors="0" skipped="0" failures="0">
  <properties>
[...]
</properties>
  <testcase name="testCreateAndFindShop" classname="com.fontys.shopservice.ShopServiceIntegrationTests" time="0.62">
    <system-out><![CDATA[19:28:28.593 [main] INFO org.springframework.test.context.support.AnnotationConfigContextLoaderUtils -- Could not detect default configuration classes for test class [com.fontys.shopservice.ShopServiceIntegrationTests]: ShopServiceIntegrationTests does not declare any static, non-private, non-final, nested classes annotated with @Configuration.
19:28:28.672 [main] INFO org.springframework.boot.test.context.SpringBootTestContextBootstrapper -- Found @SpringBootConfiguration com.fontys.shopservice.ShopServiceApplication for test class com.fontys.shopservice.ShopServiceIntegrationTests
  .   ____          _            __ _ _
 /\\ / ___'_ __ _ _(_)_ __  __ _ \ \ \ \
( ( )\___ | '_ | '_| | '_ \/ _` | \ \ \ \
 \\/  ___)| |_)| | | | | || (_| |  ) ) ) )
  '  |____| .__|_| |_|_| |_\__, | / / / /
 =========|_|==============|___/=/_/_/_/

 :: Spring Boot ::                (v3.3.0)

2024-06-22T19:28:29.000+02:00  INFO 9356 --- [           main] c.f.s.ShopServiceIntegrationTests        : Starting ShopServiceIntegrationTests using Java 17.0.10 with PID 9356 (started by shinchan in /home/shinchan/Documents/Mark2Door/shop-service)
2024-06-22T19:28:29.002+02:00  INFO 9356 --- [           main] c.f.s.ShopServiceIntegrationTests        : No active profile set, falling back to 1 default profile: "default"
2024-06-22T19:28:29.606+02:00  INFO 9356 --- [           main] .s.d.r.c.RepositoryConfigurationDelegate : Bootstrapping Spring Data JPA repositories in DEFAULT mode.
2024-06-22T19:28:29.730+02:00  INFO 9356 --- [           main] .s.d.r.c.RepositoryConfigurationDelegate : Finished Spring Data repository scanning in 112 ms. Found 3 JPA repository interfaces.
2024-06-22T19:28:29.983+02:00  INFO 9356 --- [           main] o.s.cloud.context.scope.GenericScope     : BeanFactory id=991fdfd8-4638-3a85-9bc8-fbaa179edd27
2024-06-22T19:28:30.119+02:00  WARN 9356 --- [           main] trationDelegate$BeanPostProcessorChecker : Bean 'org.springframework.cloud.client.loadbalancer.LoadBalancerAutoConfiguration$DeferringLoadBalancerInterceptorConfig' of type [org.springframework.cloud.client.loadbalancer.LoadBalancerAutoConfiguration$DeferringLoadBalancerInterceptorConfig] is not eligible for getting processed by all BeanPostProcessors (for example: not eligible for auto-proxying). The currently created BeanPostProcessor [lbRestClientPostProcessor] is declared through a non-static factory method on that class; consider declaring it as static instead.
2024-06-22T19:28:30.122+02:00  WARN 9356 --- [           main] trationDelegate$BeanPostProcessorChecker : Bean 'deferringLoadBalancerInterceptor' of type [org.springframework.cloud.client.loadbalancer.DeferringLoadBalancerInterceptor] is not eligible for getting processed by all BeanPostProcessors (for example: not eligible for auto-proxying). Is this bean getting eagerly injected into a currently created BeanPostProcessor [lbRestClientPostProcessor]? Check the corresponding BeanPostProcessor declaration and its dependencies.
2024-06-22T19:28:30.239+02:00  INFO 9356 --- [           main] com.zaxxer.hikari.HikariDataSource       : HikariPool-1 - Starting...
2024-06-22T19:28:30.408+02:00  INFO 9356 --- [           main] com.zaxxer.hikari.pool.HikariPool        : HikariPool-1 - Added connection conn0: url=jdbc:h2:mem:testdb user=SA
2024-06-22T19:28:30.409+02:00  INFO 9356 --- [           main] com.zaxxer.hikari.HikariDataSource       : HikariPool-1 - Start completed.
2024-06-22T19:28:30.443+02:00  INFO 9356 --- [           main] o.hibernate.jpa.internal.util.LogHelper  : HHH000204: Processing PersistenceUnitInfo [name: default]
2024-06-22T19:28:30.480+02:00  INFO 9356 --- [           main] org.hibernate.Version                    : HHH000412: Hibernate ORM core version 6.5.2.Final
2024-06-22T19:28:30.503+02:00  INFO 9356 --- [           main] o.h.c.internal.RegionFactoryInitiator    : HHH000026: Second-level cache disabled
2024-06-22T19:28:30.723+02:00  INFO 9356 --- [           main] o.s.o.j.p.SpringPersistenceUnitInfo      : No LoadTimeWeaver setup: ignoring JPA class transformer
2024-06-22T19:28:31.320+02:00  INFO 9356 --- [           main] o.h.e.t.j.p.i.JtaPlatformInitiator       : HHH000489: No JTA platform available (set 'hibernate.transaction.jta.platform' to enable JTA platform integration)
Hibernate: 
    drop table if exists items cascade 
Hibernate: 
    drop table if exists shop cascade 
Hibernate: 
    create table items (
        price float(53),
        shop_id integer,
        id bigint generated by default as identity,
        description varchar(255),
        name varchar(255),
        primary key (id)
    )
Hibernate: 
    create table shop (
        id bigint generated by default as identity,
        ownerid bigint,
        description varchar(255),
        name varchar(255),
        primary key (id)
    )
2024-06-22T19:28:31.346+02:00  INFO 9356 --- [           main] j.LocalContainerEntityManagerFactoryBean : Initialized JPA EntityManagerFactory for persistence unit 'default'
2024-06-22T19:28:31.876+02:00  WARN 9356 --- [           main] JpaBaseConfiguration$JpaWebConfiguration : spring.jpa.open-in-view is enabled by default. Therefore, database queries may be performed during view rendering. Explicitly configure spring.jpa.open-in-view to disable this warning
2024-06-22T19:28:32.236+02:00  INFO 9356 --- [           main] o.s.b.a.h2.H2ConsoleAutoConfiguration    : H2 console available at '/h2-console'. Database available at 'jdbc:h2:mem:testdb'
2024-06-22T19:28:32.290+02:00  INFO 9356 --- [           main] o.s.b.t.m.w.SpringBootMockServletContext : Initializing Spring TestDispatcherServlet ''
2024-06-22T19:28:32.290+02:00  INFO 9356 --- [           main] o.s.t.web.servlet.TestDispatcherServlet  : Initializing Servlet ''
2024-06-22T19:28:32.293+02:00  INFO 9356 --- [           main] o.s.t.web.servlet.TestDispatcherServlet  : Completed initialization in 2 ms
2024-06-22T19:28:32.386+02:00  INFO 9356 --- [           main] DiscoveryClientOptionalArgsConfiguration : Eureka HTTP Client uses RestTemplate.
2024-06-22T19:28:32.432+02:00  WARN 9356 --- [           main] iguration$LoadBalancerCaffeineWarnLogger : Spring Cloud LoadBalancer is currently working with the default cache. While this cache implementation is useful for development and tests, it's recommended to use Caffeine cache in production.You can switch to using Caffeine cache, by adding it and org.springframework.cache.caffeine.CaffeineCacheManager to the classpath.
2024-06-22T19:28:32.480+02:00  INFO 9356 --- [           main] o.s.c.n.eureka.InstanceInfoFactory       : Setting initial instance status as: STARTING
2024-06-22T19:28:32.545+02:00  INFO 9356 --- [           main] com.netflix.discovery.DiscoveryClient    : Initializing Eureka in region us-east-1
2024-06-22T19:28:32.549+02:00  INFO 9356 --- [           main] c.n.d.s.r.aws.ConfigClusterResolver      : Resolving eureka endpoints via configuration
2024-06-22T19:28:32.568+02:00  INFO 9356 --- [           main] com.netflix.discovery.DiscoveryClient    : Disable delta property : false
2024-06-22T19:28:32.568+02:00  INFO 9356 --- [           main] com.netflix.discovery.DiscoveryClient    : Single vip registry refresh property : null
2024-06-22T19:28:32.568+02:00  INFO 9356 --- [           main] com.netflix.discovery.DiscoveryClient    : Force full registry fetch : false
2024-06-22T19:28:32.568+02:00  INFO 9356 --- [           main] com.netflix.discovery.DiscoveryClient    : Application is null : false
2024-06-22T19:28:32.568+02:00  INFO 9356 --- [           main] com.netflix.discovery.DiscoveryClient    : Registered Applications size is zero : true
2024-06-22T19:28:32.569+02:00  INFO 9356 --- [           main] com.netflix.discovery.DiscoveryClient    : Application version is -1: true
2024-06-22T19:28:32.569+02:00  INFO 9356 --- [           main] com.netflix.discovery.DiscoveryClient    : Getting all instance registry info from the eureka server
2024-06-22T19:28:32.794+02:00  INFO 9356 --- [           main] com.netflix.discovery.DiscoveryClient    : The response status is 200
2024-06-22T19:28:32.796+02:00  INFO 9356 --- [           main] com.netflix.discovery.DiscoveryClient    : Starting heartbeat executor: renew interval is: 30
2024-06-22T19:28:32.798+02:00  INFO 9356 --- [           main] c.n.discovery.InstanceInfoReplicator     : InstanceInfoReplicator onDemand update allowed rate per min is 4
2024-06-22T19:28:32.802+02:00  INFO 9356 --- [           main] com.netflix.discovery.DiscoveryClient    : Discovery Client initialized at timestamp 1719077312801 with initial instances count: 2
2024-06-22T19:28:32.804+02:00  INFO 9356 --- [           main] o.s.c.n.e.s.EurekaServiceRegistry        : Registering application UNKNOWN with eureka with status UP
2024-06-22T19:28:32.805+02:00  INFO 9356 --- [           main] com.netflix.discovery.DiscoveryClient    : Saw local status change event StatusChangeEvent [timestamp=1719077312805, current=UP, previous=STARTING]
2024-06-22T19:28:32.807+02:00  INFO 9356 --- [nfoReplicator-0] com.netflix.discovery.DiscoveryClient    : DiscoveryClient_UNKNOWN/192.168.3.101: registering service...
2024-06-22T19:28:32.809+02:00  INFO 9356 --- [           main] o.s.a.r.c.CachingConnectionFactory       : Attempting to connect to: [localhost:5672]
2024-06-22T19:28:32.813+02:00  INFO 9356 --- [           main] o.s.a.r.l.SimpleMessageListenerContainer : Broker not available; cannot force queue declarations during start: java.net.ConnectException: Connection refused
2024-06-22T19:28:32.821+02:00  INFO 9356 --- [ntContainer#0-1] o.s.a.r.c.CachingConnectionFactory       : Attempting to connect to: [localhost:5672]
2024-06-22T19:28:32.822+02:00 ERROR 9356 --- [ntContainer#0-1] o.s.a.r.l.SimpleMessageListenerContainer : Failed to check/redeclare auto-delete queue(s).

org.springframework.amqp.AmqpConnectException: java.net.ConnectException: Connection refused
	at org.springframework.amqp.rabbit.support.RabbitExceptionTranslator.convertRabbitAccessException(RabbitExceptionTranslator.java:61) ~[spring-rabbit-3.1.5.jar:3.1.5]
	at org.springframework.amqp.rabbit.connection.AbstractConnectionFactory.createBareConnection(AbstractConnectionFactory.java:622) ~[spring-rabbit-3.1.5.jar:3.1.5]
	at org.springframework.amqp.rabbit.connection.CachingConnectionFactory.createConnection(CachingConnectionFactory.java:726) ~[spring-rabbit-3.1.5.jar:3.1.5]
	at org.springframework.amqp.rabbit.connection.ConnectionFactoryUtils.createConnection(ConnectionFactoryUtils.java:257) ~[spring-rabbit-3.1.5.jar:3.1.5]
	at org.springframework.amqp.rabbit.core.RabbitTemplate.doExecute(RabbitTemplate.java:2249) ~[spring-rabbit-3.1.5.jar:3.1.5]
	at org.springframework.amqp.rabbit.core.RabbitTemplate.execute(RabbitTemplate.java:2222) ~[spring-rabbit-3.1.5.jar:3.1.5]
	at org.springframework.amqp.rabbit.core.RabbitTemplate.execute(RabbitTemplate.java:2202) ~[spring-rabbit-3.1.5.jar:3.1.5]
	at org.springframework.amqp.rabbit.core.RabbitAdmin.getQueueInfo(RabbitAdmin.java:467) ~[spring-rabbit-3.1.5.jar:3.1.5]
	at org.springframework.amqp.rabbit.core.RabbitAdmin.getQueueProperties(RabbitAdmin.java:451) ~[spring-rabbit-3.1.5.jar:3.1.5]
	at org.springframework.amqp.rabbit.listener.AbstractMessageListenerContainer.attemptDeclarations(AbstractMessageListenerContainer.java:1960) ~[spring-rabbit-3.1.5.jar:3.1.5]
	at org.springframework.amqp.rabbit.listener.AbstractMessageListenerContainer.redeclareElementsIfNecessary(AbstractMessageListenerContainer.java:1924) ~[spring-rabbit-3.1.5.jar:3.1.5]
	at org.springframework.amqp.rabbit.listener.SimpleMessageListenerContainer$AsyncMessageProcessingConsumer.initialize(SimpleMessageListenerContainer.java:1478) ~[spring-rabbit-3.1.5.jar:3.1.5]
	at org.springframework.amqp.rabbit.listener.SimpleMessageListenerContainer$AsyncMessageProcessingConsumer.run(SimpleMessageListenerContainer.java:1320) ~[spring-rabbit-3.1.5.jar:3.1.5]
	at java.base/java.lang.Thread.run(Thread.java:842) ~[na:na]
Caused by: java.net.ConnectException: Connection refused
	at java.base/sun.nio.ch.Net.pollConnect(Native Method) ~[na:na]
	at java.base/sun.nio.ch.Net.pollConnectNow(Net.java:672) ~[na:na]
	at java.base/sun.nio.ch.NioSocketImpl.timedFinishConnect(NioSocketImpl.java:547) ~[na:na]
	at java.base/sun.nio.ch.NioSocketImpl.connect(NioSocketImpl.java:602) ~[na:na]
	at java.base/java.net.SocksSocketImpl.connect(SocksSocketImpl.java:327) ~[na:na]
	at java.base/java.net.Socket.connect(Socket.java:633) ~[na:na]
	at com.rabbitmq.client.impl.SocketFrameHandlerFactory.create(SocketFrameHandlerFactory.java:61) ~[amqp-client-5.21.0.jar:5.21.0]
	at com.rabbitmq.client.ConnectionFactory.newConnection(ConnectionFactory.java:1249) ~[amqp-client-5.21.0.jar:5.21.0]
	at com.rabbitmq.client.ConnectionFactory.newConnection(ConnectionFactory.java:1198) ~[amqp-client-5.21.0.jar:5.21.0]
	at org.springframework.amqp.rabbit.connection.AbstractConnectionFactory.connectAddresses(AbstractConnectionFactory.java:668) ~[spring-rabbit-3.1.5.jar:3.1.5]
	at org.springframework.amqp.rabbit.connection.AbstractConnectionFactory.connect(AbstractConnectionFactory.java:637) ~[spring-rabbit-3.1.5.jar:3.1.5]
	at org.springframework.amqp.rabbit.connection.AbstractConnectionFactory.createBareConnection(AbstractConnectionFactory.java:584) ~[spring-rabbit-3.1.5.jar:3.1.5]
	... 12 common frames omitted

2024-06-22T19:28:32.826+02:00  INFO 9356 --- [ntContainer#0-1] o.s.a.r.c.CachingConnectionFactory       : Attempting to connect to: [localhost:5672]
2024-06-22T19:28:32.838+02:00  INFO 9356 --- [           main] c.f.s.ShopServiceIntegrationTests        : Started ShopServiceIntegrationTests in 4.065 seconds (process running for 4.779)
2024-06-22T19:28:32.838+02:00  INFO 9356 --- [nfoReplicator-0] com.netflix.discovery.DiscoveryClient    : DiscoveryClient_UNKNOWN/192.168.3.101 - registration status: 204
Hibernate: 
    select
        s1_0.id,
        s1_0.description,
        s1_0.name,
        s1_0.ownerid 
    from
        shop s1_0 
    where
        s1_0.ownerid=?
Hibernate: 
    insert 
    into
        shop
        (description, name, ownerid, id) 
    values
        (?, ?, ?, default)
Hibernate: 
    select
        s1_0.id,
        s1_0.description,
        s1_0.name,
        s1_0.ownerid 
    from
        shop s1_0 
    where
        s1_0.ownerid=?
]]></system-out>
  </testcase>
  <testcase name="testHelloEndpoint" classname="com.fontys.shopservice.ShopServiceIntegrationTests" time="0.007"/>
</testsuite>